INFO: 	Tokenizing file...
INFO: 	Parsing tokens...
INFO: 	Adding propositions to CAES
INFO: 	Adding assumptions to CAES
INFO: 	Adding arguments to CAES
DEBUG: Added proposition 'IR (casino) should be built' to graph
DEBUG: Added proposition '-IR (casino) should be built' to graph
DEBUG: Added proposition 'IR will boost tourism, construction and employment' to graph
DEBUG: Added proposition 'aggregate social ill-effects from IR' to graph
DEBUG: Added proposition 'ecnonomic stimulus needed' to graph
DEBUG: Added proposition '-ecnonomic stimulus needed' to graph
DEBUG: Added proposition 'Slumbering Singapore tourism sector due to competition from neighbouring countries' to graph
DEBUG: Added proposition 'impending technical recession' to graph
DEBUG: Proposition 'IR will boost tourism, construction and employment' is already in graph
DEBUG: Added proposition '-IR will boost tourism, construction and employment' to graph
DEBUG: Proposition 'ecnonomic stimulus needed' is already in graph
DEBUG: Added proposition 'more locals will be employed' to graph
DEBUG: Added proposition 'stimulus for construction sector' to graph
DEBUG: Added proposition 'stimulus for tourism sector' to graph
DEBUG: Proposition 'aggregate social ill-effects from IR' is already in graph
DEBUG: Added proposition '-aggregate social ill-effects from IR' to graph
DEBUG: Added proposition 'IR will cost human, family and social well-being' to graph
DEBUG: Added proposition 'Insufficient labour for construction sector due to hiring constraints for foreign labour' to graph
DEBUG: Added proposition 'social harm can and will be mitigated' to graph
DEBUG: Added proposition '-social harm can and will be mitigated' to graph
DEBUG: Proposition 'social harm can and will be mitigated' is already in graph
DEBUG: Added proposition 'Having an IR in Singapore will provide convenient solution for gamblers' to graph
DEBUG: Added proposition 'There exists means for Singaporeans to gamble conveniently' to graph
DEBUG: Proposition 'social harm can and will be mitigated' is already in graph
DEBUG: Proposition '-social harm can and will be mitigated' is already in graph
DEBUG: Added proposition 'Levy for Singaporeans to reduce participation in IR' to graph
DEBUG: Added proposition 'Singaporean who had declared bankrupt will be barred' to graph
DEBUG: Added proposition 'Social help groups to support family and individuals in distress' to graph
DEBUG: Added proposition 'it is possible that the sudden surge in Singapore population will put constraint on housing and transportation' to graph
DEBUG: Added proposition '-it is possible that the sudden surge in Singapore population will put constraint on housing and transportation' to graph
DEBUG: Proposition 'Insufficient labour for construction sector due to hiring constraints for foreign labour' is already in graph
DEBUG: Proposition '-social harm can and will be mitigated' is already in graph
DEBUG: Proposition 'social harm can and will be mitigated' is already in graph
DEBUG: Proposition 'it is possible that the sudden surge in Singapore population will put constraint on housing and transportation' is already in graph
INFO: 	Adding parameter to CAES
INFO: 	Adding proofstandard to CAES
INFO: 	Adding acceptability to CAES
DEBUG: alpha:0.5, beta:0.3, gamme:0.3
DEBUG: propliterals: {'economic benefit': IR will boost tourism, construction and employment, 'ill-effect of gambling': IR will cost human, family and social well-being, 'economic stimulus needed': ecnonomic stimulus needed, 'convenience': Having an IR in Singapore will provide convenient solution for gamblers, 'construction': stimulus for construction sector, 'slumbering tourism': Slumbering Singapore tourism sector due to competition from neighbouring countries, 'impending recession': impending technical recession, 'help groups': Social help groups to support family and individuals in distress, 'workforce constraint': Insufficient labour for construction sector due to hiring constraints for foreign labour, 'control for Singaporeans': Levy for Singaporeans to reduce participation in IR, 'social harm mitigated': social harm can and will be mitigated, 'already convenient': There exists means for Singaporeans to gamble conveniently, 'tourism': stimulus for tourism sector, 'employment': more locals will be employed, 'foreign workers impact': it is possible that the sudden surge in Singapore population will put constraint on housing and transportation, 'build': IR (casino) should be built, 'social harm': aggregate social ill-effects from IR, 'bar bankrupts': Singaporean who had declared bankrupt will be barred} 
DEBUG: arguments: {additional forseeable effect from building: <__main__.Argument object at 0x7f5aaa72b0f0>, Support will be provided to prevent additional social harm due to IR: <__main__.Argument object at 0x7f5aaa72b080>, social harm argument: <__main__.Argument object at 0x7f5aaa723f98>, economic benefit outweights: <__main__.Argument object at 0x7f5aaa723f28>, additional social harm from building that is not mitigated: <__main__.Argument object at 0x7f5aaa72b198>, should singapore build the IR (casino)?: <__main__.Argument object at 0x7f5aaa723dd8>, economic stimulus argument: <__main__.Argument object at 0x7f5aaa723eb8>, convenience argument: <__main__.Argument object at 0x7f5aaa723e48>} 
DEBUG: weights : {additional forseeable effect from building: 0.5, Support will be provided to prevent additional social harm due to IR: 0.6, social harm argument: 0.9, economic benefit outweights: 0.6, additional social harm from building that is not mitigated: 0.5, should singapore build the IR (casino)?: 1.0, economic stimulus argument: 0.8, convenience argument: 0.3}
DEBUG: assumptions: {stimulus for construction sector, stimulus for tourism sector, IR will cost human, family and social well-being, more locals will be employed, Singaporean who had declared bankrupt will be barred, Insufficient labour for construction sector due to hiring constraints for foreign labour, impending technical recession, Social help groups to support family and individuals in distress, Levy for Singaporeans to reduce participation in IR, There exists means for Singaporeans to gamble conveniently, Slumbering Singapore tourism sector due to competition from neighbouring countries} 
DEBUG: acceptability: {-IR (casino) should be built, IR (casino) should be built} 
DEBUG: proofstandard: [(aggregate social ill-effects from IR, 'beyond_reasonable_doubt'), (IR will boost tourism, construction and employment, 'beyond_reasonable_doubt')]
INFO: 	Initialising CAES
INFO: 

Evaluating acceptability of : -IR (casino) should be built
INFO: Calling acceptable(-IR (casino) should be built)
DEBUG: Checking whether proposition '-IR (casino) should be built'meets proof standard 'scintilla'.
INFO:   Calling meets_proof_standard(-IR (casino) should be built, scintilla)
INFO:   meets_proof_standard(-IR (casino) should be built, scintilla)-->False
INFO: acceptable(-IR (casino) should be built)-->False
INFO: ------ -IR (casino) should be built IS NOT acceptable ------
INFO: 

Evaluating acceptability of : IR (casino) should be built
INFO: Calling acceptable(IR (casino) should be built)
DEBUG: Checking whether proposition 'IR (casino) should be built'meets proof standard 'scintilla'.
INFO:   Calling meets_proof_standard(IR (casino) should be built, scintilla)
INFO:     Calling applicable([IR will boost tourism, construction and employment], ~[aggregate social ill-effects from IR] => IR (casino) should be built)
DEBUG: Checking applicability of should singapore build the IR (casino)?...
DEBUG: Current assumptions: {stimulus for construction sector, stimulus for tourism sector, IR will cost human, family and social well-being, more locals will be employed, Singaporean who had declared bankrupt will be barred, Insufficient labour for construction sector due to hiring constraints for foreign labour, impending technical recession, Social help groups to support family and individuals in distress, Levy for Singaporeans to reduce participation in IR, There exists means for Singaporeans to gamble conveniently, Slumbering Singapore tourism sector due to competition from neighbouring countries}
DEBUG: Current premises: {IR will boost tourism, construction and employment}
INFO:       Calling acceptable(IR will boost tourism, construction and employment)
DEBUG: Checking whether proposition 'IR will boost tourism, construction and employment'meets proof standard 'beyond_reasonable_doubt'.
INFO:         Calling meets_proof_standard(IR will boost tourism, construction and employment, beyond_reasonable_doubt)
INFO:           Calling meets_proof_standard(IR will boost tourism, construction and employment, clear_and_convincing)
INFO:             Calling applicable([ecnonomic stimulus needed, more locals will be employed, stimulus for construction sector, stimulus for tourism sector], ~[] => IR will boost tourism, construction and employment)
DEBUG: Checking applicability of economic benefit outweights...
DEBUG: Current assumptions: {stimulus for construction sector, stimulus for tourism sector, IR will cost human, family and social well-being, more locals will be employed, Singaporean who had declared bankrupt will be barred, Insufficient labour for construction sector due to hiring constraints for foreign labour, impending technical recession, Social help groups to support family and individuals in distress, Levy for Singaporeans to reduce participation in IR, There exists means for Singaporeans to gamble conveniently, Slumbering Singapore tourism sector due to competition from neighbouring countries}
DEBUG: Current premises: {stimulus for tourism sector, more locals will be employed, ecnonomic stimulus needed, stimulus for construction sector}
INFO:               Calling acceptable(ecnonomic stimulus needed)
DEBUG: Checking whether proposition 'ecnonomic stimulus needed'meets proof standard 'scintilla'.
INFO:                 Calling meets_proof_standard(ecnonomic stimulus needed, scintilla)
INFO:                   Calling applicable([Slumbering Singapore tourism sector due to competition from neighbouring countries, impending technical recession], ~[] => ecnonomic stimulus needed)
DEBUG: Checking applicability of economic stimulus argument...
DEBUG: Current assumptions: {stimulus for construction sector, stimulus for tourism sector, IR will cost human, family and social well-being, more locals will be employed, Singaporean who had declared bankrupt will be barred, Insufficient labour for construction sector due to hiring constraints for foreign labour, impending technical recession, Social help groups to support family and individuals in distress, Levy for Singaporeans to reduce participation in IR, There exists means for Singaporeans to gamble conveniently, Slumbering Singapore tourism sector due to competition from neighbouring countries}
DEBUG: Current premises: {impending technical recession, Slumbering Singapore tourism sector due to competition from neighbouring countries}
INFO:                   applicable([Slumbering Singapore tourism sector due to competition from neighbouring countries, impending technical recession], ~[] => ecnonomic stimulus needed)-->True
INFO:                 meets_proof_standard(ecnonomic stimulus needed, scintilla)-->True
INFO:               acceptable(ecnonomic stimulus needed)-->True
INFO:             applicable([ecnonomic stimulus needed, more locals will be employed, stimulus for construction sector, stimulus for tourism sector], ~[] => IR will boost tourism, construction and employment)-->True
DEBUG: Checking applicability and weights of ['economic benefit outweights']
DEBUG: Weights of ['economic benefit outweights'] are [0.6]
DEBUG: No applicable arguments in []
DEBUG: max weight pro 'IR will boost tourism, construction and employment' is 0.6
DEBUG: max weight con 'IR will boost tourism, construction and employment' is 0.0
DEBUG: max weight pro '0.6' >  alpha '0.5': True
DEBUG: diff between pro and con = 0.6 > gamma: True
INFO:           meets_proof_standard(IR will boost tourism, construction and employment, clear_and_convincing)-->True
DEBUG: No applicable arguments in []
INFO:         meets_proof_standard(IR will boost tourism, construction and employment, beyond_reasonable_doubt)-->True
INFO:       acceptable(IR will boost tourism, construction and employment)-->True
DEBUG: Current exception: {aggregate social ill-effects from IR}
INFO:       Calling acceptable(aggregate social ill-effects from IR)
DEBUG: Checking whether proposition 'aggregate social ill-effects from IR'meets proof standard 'beyond_reasonable_doubt'.
INFO:         Calling meets_proof_standard(aggregate social ill-effects from IR, beyond_reasonable_doubt)
INFO:           Calling meets_proof_standard(aggregate social ill-effects from IR, clear_and_convincing)
INFO:             Calling applicable([IR will cost human, family and social well-being, Insufficient labour for construction sector due to hiring constraints for foreign labour], ~[social harm can and will be mitigated] => aggregate social ill-effects from IR)
DEBUG: Checking applicability of social harm argument...
DEBUG: Current assumptions: {stimulus for construction sector, stimulus for tourism sector, IR will cost human, family and social well-being, more locals will be employed, Singaporean who had declared bankrupt will be barred, Insufficient labour for construction sector due to hiring constraints for foreign labour, impending technical recession, Social help groups to support family and individuals in distress, Levy for Singaporeans to reduce participation in IR, There exists means for Singaporeans to gamble conveniently, Slumbering Singapore tourism sector due to competition from neighbouring countries}
DEBUG: Current premises: {IR will cost human, family and social well-being, Insufficient labour for construction sector due to hiring constraints for foreign labour}
DEBUG: Current exception: {social harm can and will be mitigated}
INFO:               Calling acceptable(social harm can and will be mitigated)
DEBUG: Checking whether proposition 'social harm can and will be mitigated'meets proof standard 'scintilla'.
INFO:                 Calling meets_proof_standard(social harm can and will be mitigated, scintilla)
INFO:                   Calling applicable([Levy for Singaporeans to reduce participation in IR, Singaporean who had declared bankrupt will be barred, Social help groups to support family and individuals in distress], ~[] => social harm can and will be mitigated)
DEBUG: Checking applicability of Support will be provided to prevent additional social harm due to IR...
DEBUG: Current assumptions: {stimulus for construction sector, stimulus for tourism sector, IR will cost human, family and social well-being, more locals will be employed, Singaporean who had declared bankrupt will be barred, Insufficient labour for construction sector due to hiring constraints for foreign labour, impending technical recession, Social help groups to support family and individuals in distress, Levy for Singaporeans to reduce participation in IR, There exists means for Singaporeans to gamble conveniently, Slumbering Singapore tourism sector due to competition from neighbouring countries}
DEBUG: Current premises: {Singaporean who had declared bankrupt will be barred, Levy for Singaporeans to reduce participation in IR, Social help groups to support family and individuals in distress}
INFO:                   applicable([Levy for Singaporeans to reduce participation in IR, Singaporean who had declared bankrupt will be barred, Social help groups to support family and individuals in distress], ~[] => social harm can and will be mitigated)-->True
INFO:                 meets_proof_standard(social harm can and will be mitigated, scintilla)-->True
INFO:               acceptable(social harm can and will be mitigated)-->True
INFO:             applicable([IR will cost human, family and social well-being, Insufficient labour for construction sector due to hiring constraints for foreign labour], ~[social harm can and will be mitigated] => aggregate social ill-effects from IR)-->False
DEBUG: No applicable arguments in ['social harm argument']
DEBUG: No applicable arguments in []
DEBUG: max weight pro 'aggregate social ill-effects from IR' is 0.0
DEBUG: max weight con 'aggregate social ill-effects from IR' is 0.0
DEBUG: max weight pro '0.0' >  alpha '0.5': False
DEBUG: diff between pro and con = 0.0 > gamma: False
INFO:           meets_proof_standard(aggregate social ill-effects from IR, clear_and_convincing)-->False
INFO:         meets_proof_standard(aggregate social ill-effects from IR, beyond_reasonable_doubt)-->False
INFO:       acceptable(aggregate social ill-effects from IR)-->False
INFO:     applicable([IR will boost tourism, construction and employment], ~[aggregate social ill-effects from IR] => IR (casino) should be built)-->True
INFO:   meets_proof_standard(IR (casino) should be built, scintilla)-->True
INFO: acceptable(IR (casino) should be built)-->True
INFO: ------ IR (casino) should be built IS acceptable ------
