INFO: 	Tokenizing file...
INFO: 	Parsing tokens...
INFO: 	Adding propositions to CAES
INFO: 	Adding assumptions to CAES
INFO: 	Adding arguments to CAES
DEBUG: Added proposition '-Google has engaged in misleading and deceptive conduct by publishing or displaying the sponsored links' to graph
DEBUG: Added proposition 'Google has engaged in misleading and deceptive conduct by publishing or displaying the sponsored links' to graph
DEBUG: Added proposition '-Google contravene Section 52(1) of Trade Practice Act' to graph
DEBUG: Added proposition 'Google contravene Section 52(1) of Trade Practice Act' to graph
DEBUG: Proposition 'Google contravene Section 52(1) of Trade Practice Act' is already in graph
DEBUG: Proposition '-Google contravene Section 52(1) of Trade Practice Act' is already in graph
DEBUG: Added proposition 'the 4 evidence of sponsored links from the ACCC are deemed misleading by the high court and full court' to graph
DEBUG: Added proposition '-By publishing sponsored links that are misleading, Google represents the advertisers' to graph
DEBUG: Proposition '-By publishing sponsored links that are misleading, Google represents the advertisers' is already in graph
DEBUG: Added proposition 'By publishing sponsored links that are misleading, Google represents the advertisers' to graph
DEBUG: Added proposition '-Google have control over the production of sponsored links given a user's search request' to graph
DEBUG: Proposition '-Google have control over the production of sponsored links given a user's search request' is already in graph
DEBUG: Added proposition 'Google have control over the production of sponsored links given a user's search request' to graph
DEBUG: Added proposition '-Google controls advertiser's choice of keywords' to graph
DEBUG: Added proposition '-Google controls search terms entered by users of its search engine, or material available on the web' to graph
DEBUG: Added proposition 'Google outputs the sponsored links that are triggered by search terms corresponding to the keywords chosen by advertiser' to graph
DEBUG: Proposition '-Google contravene Section 52(1) of Trade Practice Act' is already in graph
DEBUG: Proposition 'Google contravene Section 52(1) of Trade Practice Act' is already in graph
DEBUG: Added proposition '-It is established that Google conduct leads to the ordinary or reasonable members of that class are misled or deceived' to graph
DEBUG: Added proposition 'It is established that Google conduct leads to the ordinary or reasonable members of that class are misled or deceived' to graph
DEBUG: Proposition '-It is established that Google conduct leads to the ordinary or reasonable members of that class are misled or deceived' is already in graph
DEBUG: Proposition 'It is established that Google conduct leads to the ordinary or reasonable members of that class are misled or deceived' is already in graph
DEBUG: Added proposition 'An internet user who wishes to access a webpage is likely to use an internet search engine, such as Google' to graph
DEBUG: Added proposition 'It is not possible for Internet users to use a search engine without any meaningful way without knowing something about how it operates' to graph
DEBUG: Added proposition 'User of Google will be able to tell apart organic results and sponsored links' to graph
DEBUG: Proposition 'User of Google will be able to tell apart organic results and sponsored links' is already in graph
DEBUG: Added proposition '-User of Google will be able to tell apart organic results and sponsored links' to graph
DEBUG: Added proposition 'Organic search results are links to webpages ranked in order of relevance to the search terms entered by the user' to graph
DEBUG: Added proposition 'Sponsored links only appear when the user's search term matches one of the advertisers'' to graph
DEBUG: Added proposition 'organic results and sponsored links are displayed at different location and labelled' to graph
INFO: 	Adding parameter to CAES
INFO: 	Adding proofstandard to CAES
INFO: 	Adding acceptability to CAES
DEBUG: alpha:0.5, beta:0.0, gamme:0.0
DEBUG: propliterals: {'trigger sponsored links': Google outputs the sponsored links that are triggered by search terms corresponding to the keywords chosen by advertiser, 'misleading': Google has engaged in misleading and deceptive conduct by publishing or displaying the sponsored links, 'control over advert keyword': Google controls advertiser's choice of keywords, 'sponsored links': Sponsored links only appear when the user's search term matches one of the advertisers', 's52': Google contravene Section 52(1) of Trade Practice Act, 'display separately': organic results and sponsored links are displayed at different location and labelled, 'control over advertiser': Google have control over the production of sponsored links given a user's search request, 'control over user search term': Google controls search terms entered by users of its search engine, or material available on the web, 'principle1': It is established that Google conduct leads to the ordinary or reasonable members of that class are misled or deceived, 'distinguishable': User of Google will be able to tell apart organic results and sponsored links, 'publishing is representation': By publishing sponsored links that are misleading, Google represents the advertisers, 'understanding search': It is not possible for Internet users to use a search engine without any meaningful way without knowing something about how it operates, 'organic results': Organic search results are links to webpages ranked in order of relevance to the search terms entered by the user, 'internet user': An internet user who wishes to access a webpage is likely to use an internet search engine, such as Google, 'evidence': the 4 evidence of sponsored links from the ACCC are deemed misleading by the high court and full court} 
DEBUG: arguments: {argument against representation: <__main__.Argument object at 0x7f513b2e06d8>, did Google produce the sponsored links?: <__main__.Argument object at 0x7f513b2e07b8>, did google contravene s52?: <__main__.Argument object at 0x7f513b2e0518>, is relevant class of consumers affected?: <__main__.Argument object at 0x7f513b2e0978>, is Google response to users request distinguishable?: <__main__.Argument object at 0x7f513b2e0940>, proof for s52? 1: <__main__.Argument object at 0x7f513b2e0630>, proof for s52? 2: <__main__.Argument object at 0x7f513b2e0898>} 
DEBUG: weights : {argument against representation: 0.8, did Google produce the sponsored links?: 1.0, did google contravene s52?: 1.0, is relevant class of consumers affected?: 0.8, is Google response to users request distinguishable?: 0.3, proof for s52? 1: 0.2, proof for s52? 2: 0.8}
DEBUG: assumptions: {Sponsored links only appear when the user's search term matches one of the advertisers', Google outputs the sponsored links that are triggered by search terms corresponding to the keywords chosen by advertiser, It is not possible for Internet users to use a search engine without any meaningful way without knowing something about how it operates, organic results and sponsored links are displayed at different location and labelled, -By publishing sponsored links that are misleading, Google represents the advertisers, Organic search results are links to webpages ranked in order of relevance to the search terms entered by the user, An internet user who wishes to access a webpage is likely to use an internet search engine, such as Google, -Google controls advertiser's choice of keywords, the 4 evidence of sponsored links from the ACCC are deemed misleading by the high court and full court, -Google controls search terms entered by users of its search engine, or material available on the web} 
DEBUG: acceptability: {-Google has engaged in misleading and deceptive conduct by publishing or displaying the sponsored links, Google has engaged in misleading and deceptive conduct by publishing or displaying the sponsored links} 
DEBUG: proofstandard: [(Google contravene Section 52(1) of Trade Practice Act, 'beyond_reasonable_doubt'), (It is established that Google conduct leads to the ordinary or reasonable members of that class are misled or deceived, 'clear_and_convincing'), (By publishing sponsored links that are misleading, Google represents the advertisers, 'clear_and_convincing')]
INFO: 	Initialising CAES
INFO: 

Evaluating acceptability of : -Google has engaged in misleading and deceptive conduct by publishing or displaying the sponsored links
INFO: Calling acceptable(-Google has engaged in misleading and deceptive conduct by publishing or displaying the sponsored links)
DEBUG: Checking whether proposition '-Google has engaged in misleading and deceptive conduct by publishing or displaying the sponsored links'meets proof standard 'scintilla'.
INFO:   Calling meets_proof_standard(-Google has engaged in misleading and deceptive conduct by publishing or displaying the sponsored links, scintilla)
INFO:     Calling applicable([-Google contravene Section 52(1) of Trade Practice Act], ~[Google contravene Section 52(1) of Trade Practice Act] => -Google has engaged in misleading and deceptive conduct by publishing or displaying the sponsored links)
DEBUG: Checking applicability of did google contravene s52?...
DEBUG: Current assumptions: {Sponsored links only appear when the user's search term matches one of the advertisers', Google outputs the sponsored links that are triggered by search terms corresponding to the keywords chosen by advertiser, It is not possible for Internet users to use a search engine without any meaningful way without knowing something about how it operates, organic results and sponsored links are displayed at different location and labelled, -By publishing sponsored links that are misleading, Google represents the advertisers, Organic search results are links to webpages ranked in order of relevance to the search terms entered by the user, An internet user who wishes to access a webpage is likely to use an internet search engine, such as Google, -Google controls advertiser's choice of keywords, the 4 evidence of sponsored links from the ACCC are deemed misleading by the high court and full court, -Google controls search terms entered by users of its search engine, or material available on the web}
DEBUG: Current premises: {-Google contravene Section 52(1) of Trade Practice Act}
INFO:       Calling acceptable(-Google contravene Section 52(1) of Trade Practice Act)
DEBUG: Checking whether proposition '-Google contravene Section 52(1) of Trade Practice Act'meets proof standard 'scintilla'.
INFO:         Calling meets_proof_standard(-Google contravene Section 52(1) of Trade Practice Act, scintilla)
INFO:           Calling applicable([-It is established that Google conduct leads to the ordinary or reasonable members of that class are misled or deceived], ~[It is established that Google conduct leads to the ordinary or reasonable members of that class are misled or deceived] => -Google contravene Section 52(1) of Trade Practice Act)
DEBUG: Checking applicability of proof for s52? 2...
DEBUG: Current assumptions: {Sponsored links only appear when the user's search term matches one of the advertisers', Google outputs the sponsored links that are triggered by search terms corresponding to the keywords chosen by advertiser, It is not possible for Internet users to use a search engine without any meaningful way without knowing something about how it operates, organic results and sponsored links are displayed at different location and labelled, -By publishing sponsored links that are misleading, Google represents the advertisers, Organic search results are links to webpages ranked in order of relevance to the search terms entered by the user, An internet user who wishes to access a webpage is likely to use an internet search engine, such as Google, -Google controls advertiser's choice of keywords, the 4 evidence of sponsored links from the ACCC are deemed misleading by the high court and full court, -Google controls search terms entered by users of its search engine, or material available on the web}
DEBUG: Current premises: {-It is established that Google conduct leads to the ordinary or reasonable members of that class are misled or deceived}
INFO:             Calling acceptable(-It is established that Google conduct leads to the ordinary or reasonable members of that class are misled or deceived)
DEBUG: Checking whether proposition '-It is established that Google conduct leads to the ordinary or reasonable members of that class are misled or deceived'meets proof standard 'scintilla'.
INFO:               Calling meets_proof_standard(-It is established that Google conduct leads to the ordinary or reasonable members of that class are misled or deceived, scintilla)
INFO:                 Calling applicable([An internet user who wishes to access a webpage is likely to use an internet search engine, such as Google, It is not possible for Internet users to use a search engine without any meaningful way without knowing something about how it operates, User of Google will be able to tell apart organic results and sponsored links], ~[] => -It is established that Google conduct leads to the ordinary or reasonable members of that class are misled or deceived)
DEBUG: Checking applicability of is relevant class of consumers affected?...
DEBUG: Current assumptions: {Sponsored links only appear when the user's search term matches one of the advertisers', Google outputs the sponsored links that are triggered by search terms corresponding to the keywords chosen by advertiser, It is not possible for Internet users to use a search engine without any meaningful way without knowing something about how it operates, organic results and sponsored links are displayed at different location and labelled, -By publishing sponsored links that are misleading, Google represents the advertisers, Organic search results are links to webpages ranked in order of relevance to the search terms entered by the user, An internet user who wishes to access a webpage is likely to use an internet search engine, such as Google, -Google controls advertiser's choice of keywords, the 4 evidence of sponsored links from the ACCC are deemed misleading by the high court and full court, -Google controls search terms entered by users of its search engine, or material available on the web}
DEBUG: Current premises: {An internet user who wishes to access a webpage is likely to use an internet search engine, such as Google, User of Google will be able to tell apart organic results and sponsored links, It is not possible for Internet users to use a search engine without any meaningful way without knowing something about how it operates}
INFO:                   Calling acceptable(User of Google will be able to tell apart organic results and sponsored links)
DEBUG: Checking whether proposition 'User of Google will be able to tell apart organic results and sponsored links'meets proof standard 'scintilla'.
INFO:                     Calling meets_proof_standard(User of Google will be able to tell apart organic results and sponsored links, scintilla)
INFO:                       Calling applicable([Organic search results are links to webpages ranked in order of relevance to the search terms entered by the user, Sponsored links only appear when the user's search term matches one of the advertisers', organic results and sponsored links are displayed at different location and labelled], ~[] => User of Google will be able to tell apart organic results and sponsored links)
DEBUG: Checking applicability of is Google response to users request distinguishable?...
DEBUG: Current assumptions: {Sponsored links only appear when the user's search term matches one of the advertisers', Google outputs the sponsored links that are triggered by search terms corresponding to the keywords chosen by advertiser, It is not possible for Internet users to use a search engine without any meaningful way without knowing something about how it operates, organic results and sponsored links are displayed at different location and labelled, -By publishing sponsored links that are misleading, Google represents the advertisers, Organic search results are links to webpages ranked in order of relevance to the search terms entered by the user, An internet user who wishes to access a webpage is likely to use an internet search engine, such as Google, -Google controls advertiser's choice of keywords, the 4 evidence of sponsored links from the ACCC are deemed misleading by the high court and full court, -Google controls search terms entered by users of its search engine, or material available on the web}
DEBUG: Current premises: {Sponsored links only appear when the user's search term matches one of the advertisers', organic results and sponsored links are displayed at different location and labelled, Organic search results are links to webpages ranked in order of relevance to the search terms entered by the user}
INFO:                       applicable([Organic search results are links to webpages ranked in order of relevance to the search terms entered by the user, Sponsored links only appear when the user's search term matches one of the advertisers', organic results and sponsored links are displayed at different location and labelled], ~[] => User of Google will be able to tell apart organic results and sponsored links)-->True
INFO:                     meets_proof_standard(User of Google will be able to tell apart organic results and sponsored links, scintilla)-->True
INFO:                   acceptable(User of Google will be able to tell apart organic results and sponsored links)-->True
INFO:                 applicable([An internet user who wishes to access a webpage is likely to use an internet search engine, such as Google, It is not possible for Internet users to use a search engine without any meaningful way without knowing something about how it operates, User of Google will be able to tell apart organic results and sponsored links], ~[] => -It is established that Google conduct leads to the ordinary or reasonable members of that class are misled or deceived)-->True
INFO:               meets_proof_standard(-It is established that Google conduct leads to the ordinary or reasonable members of that class are misled or deceived, scintilla)-->True
INFO:             acceptable(-It is established that Google conduct leads to the ordinary or reasonable members of that class are misled or deceived)-->True
DEBUG: Current exception: {It is established that Google conduct leads to the ordinary or reasonable members of that class are misled or deceived}
INFO:             Calling acceptable(It is established that Google conduct leads to the ordinary or reasonable members of that class are misled or deceived)
DEBUG: Checking whether proposition 'It is established that Google conduct leads to the ordinary or reasonable members of that class are misled or deceived'meets proof standard 'clear_and_convincing'.
INFO:               Calling meets_proof_standard(It is established that Google conduct leads to the ordinary or reasonable members of that class are misled or deceived, clear_and_convincing)
DEBUG: No applicable arguments in []
INFO:                 Calling applicable([An internet user who wishes to access a webpage is likely to use an internet search engine, such as Google, It is not possible for Internet users to use a search engine without any meaningful way without knowing something about how it operates, User of Google will be able to tell apart organic results and sponsored links], ~[] => -It is established that Google conduct leads to the ordinary or reasonable members of that class are misled or deceived)
DEBUG: Checking applicability of is relevant class of consumers affected?...
DEBUG: Current assumptions: {Sponsored links only appear when the user's search term matches one of the advertisers', Google outputs the sponsored links that are triggered by search terms corresponding to the keywords chosen by advertiser, It is not possible for Internet users to use a search engine without any meaningful way without knowing something about how it operates, organic results and sponsored links are displayed at different location and labelled, -By publishing sponsored links that are misleading, Google represents the advertisers, Organic search results are links to webpages ranked in order of relevance to the search terms entered by the user, An internet user who wishes to access a webpage is likely to use an internet search engine, such as Google, -Google controls advertiser's choice of keywords, the 4 evidence of sponsored links from the ACCC are deemed misleading by the high court and full court, -Google controls search terms entered by users of its search engine, or material available on the web}
DEBUG: Current premises: {An internet user who wishes to access a webpage is likely to use an internet search engine, such as Google, User of Google will be able to tell apart organic results and sponsored links, It is not possible for Internet users to use a search engine without any meaningful way without knowing something about how it operates}
INFO:                   Calling acceptable(User of Google will be able to tell apart organic results and sponsored links)
DEBUG: Checking whether proposition 'User of Google will be able to tell apart organic results and sponsored links'meets proof standard 'scintilla'.
INFO:                     Calling meets_proof_standard(User of Google will be able to tell apart organic results and sponsored links, scintilla)
INFO:                       Calling applicable([Organic search results are links to webpages ranked in order of relevance to the search terms entered by the user, Sponsored links only appear when the user's search term matches one of the advertisers', organic results and sponsored links are displayed at different location and labelled], ~[] => User of Google will be able to tell apart organic results and sponsored links)
DEBUG: Checking applicability of is Google response to users request distinguishable?...
DEBUG: Current assumptions: {Sponsored links only appear when the user's search term matches one of the advertisers', Google outputs the sponsored links that are triggered by search terms corresponding to the keywords chosen by advertiser, It is not possible for Internet users to use a search engine without any meaningful way without knowing something about how it operates, organic results and sponsored links are displayed at different location and labelled, -By publishing sponsored links that are misleading, Google represents the advertisers, Organic search results are links to webpages ranked in order of relevance to the search terms entered by the user, An internet user who wishes to access a webpage is likely to use an internet search engine, such as Google, -Google controls advertiser's choice of keywords, the 4 evidence of sponsored links from the ACCC are deemed misleading by the high court and full court, -Google controls search terms entered by users of its search engine, or material available on the web}
DEBUG: Current premises: {Sponsored links only appear when the user's search term matches one of the advertisers', organic results and sponsored links are displayed at different location and labelled, Organic search results are links to webpages ranked in order of relevance to the search terms entered by the user}
INFO:                       applicable([Organic search results are links to webpages ranked in order of relevance to the search terms entered by the user, Sponsored links only appear when the user's search term matches one of the advertisers', organic results and sponsored links are displayed at different location and labelled], ~[] => User of Google will be able to tell apart organic results and sponsored links)-->True
INFO:                     meets_proof_standard(User of Google will be able to tell apart organic results and sponsored links, scintilla)-->True
INFO:                   acceptable(User of Google will be able to tell apart organic results and sponsored links)-->True
INFO:                 applicable([An internet user who wishes to access a webpage is likely to use an internet search engine, such as Google, It is not possible for Internet users to use a search engine without any meaningful way without knowing something about how it operates, User of Google will be able to tell apart organic results and sponsored links], ~[] => -It is established that Google conduct leads to the ordinary or reasonable members of that class are misled or deceived)-->True
DEBUG: Checking applicability and weights of ['is relevant class of consumers affected?']
DEBUG: Weights of ['is relevant class of consumers affected?'] are [0.8]
DEBUG: max weight pro 'It is established that Google conduct leads to the ordinary or reasonable members of that class are misled or deceived' is 0.0
DEBUG: max weight con 'It is established that Google conduct leads to the ordinary or reasonable members of that class are misled or deceived' is 0.8
DEBUG: max weight pro '0.0' >  alpha '0.5': False
DEBUG: diff between pro and con = -0.8 > gamma: False
INFO:               meets_proof_standard(It is established that Google conduct leads to the ordinary or reasonable members of that class are misled or deceived, clear_and_convincing)-->False
INFO:             acceptable(It is established that Google conduct leads to the ordinary or reasonable members of that class are misled or deceived)-->False
INFO:           applicable([-It is established that Google conduct leads to the ordinary or reasonable members of that class are misled or deceived], ~[It is established that Google conduct leads to the ordinary or reasonable members of that class are misled or deceived] => -Google contravene Section 52(1) of Trade Practice Act)-->True
INFO:         meets_proof_standard(-Google contravene Section 52(1) of Trade Practice Act, scintilla)-->True
INFO:       acceptable(-Google contravene Section 52(1) of Trade Practice Act)-->True
DEBUG: Current exception: {Google contravene Section 52(1) of Trade Practice Act}
INFO:       Calling acceptable(Google contravene Section 52(1) of Trade Practice Act)
DEBUG: Checking whether proposition 'Google contravene Section 52(1) of Trade Practice Act'meets proof standard 'beyond_reasonable_doubt'.
INFO:         Calling meets_proof_standard(Google contravene Section 52(1) of Trade Practice Act, beyond_reasonable_doubt)
INFO:           Calling meets_proof_standard(Google contravene Section 52(1) of Trade Practice Act, clear_and_convincing)
INFO:             Calling applicable([the 4 evidence of sponsored links from the ACCC are deemed misleading by the high court and full court], ~[-By publishing sponsored links that are misleading, Google represents the advertisers] => Google contravene Section 52(1) of Trade Practice Act)
DEBUG: Checking applicability of proof for s52? 1...
DEBUG: Current assumptions: {Sponsored links only appear when the user's search term matches one of the advertisers', Google outputs the sponsored links that are triggered by search terms corresponding to the keywords chosen by advertiser, It is not possible for Internet users to use a search engine without any meaningful way without knowing something about how it operates, organic results and sponsored links are displayed at different location and labelled, -By publishing sponsored links that are misleading, Google represents the advertisers, Organic search results are links to webpages ranked in order of relevance to the search terms entered by the user, An internet user who wishes to access a webpage is likely to use an internet search engine, such as Google, -Google controls advertiser's choice of keywords, the 4 evidence of sponsored links from the ACCC are deemed misleading by the high court and full court, -Google controls search terms entered by users of its search engine, or material available on the web}
DEBUG: Current premises: {the 4 evidence of sponsored links from the ACCC are deemed misleading by the high court and full court}
DEBUG: Current exception: {-By publishing sponsored links that are misleading, Google represents the advertisers}
INFO:             applicable([the 4 evidence of sponsored links from the ACCC are deemed misleading by the high court and full court], ~[-By publishing sponsored links that are misleading, Google represents the advertisers] => Google contravene Section 52(1) of Trade Practice Act)-->False
DEBUG: No applicable arguments in ['proof for s52? 1']
INFO:             Calling applicable([-It is established that Google conduct leads to the ordinary or reasonable members of that class are misled or deceived], ~[It is established that Google conduct leads to the ordinary or reasonable members of that class are misled or deceived] => -Google contravene Section 52(1) of Trade Practice Act)
DEBUG: Checking applicability of proof for s52? 2...
DEBUG: Current assumptions: {Sponsored links only appear when the user's search term matches one of the advertisers', Google outputs the sponsored links that are triggered by search terms corresponding to the keywords chosen by advertiser, It is not possible for Internet users to use a search engine without any meaningful way without knowing something about how it operates, organic results and sponsored links are displayed at different location and labelled, -By publishing sponsored links that are misleading, Google represents the advertisers, Organic search results are links to webpages ranked in order of relevance to the search terms entered by the user, An internet user who wishes to access a webpage is likely to use an internet search engine, such as Google, -Google controls advertiser's choice of keywords, the 4 evidence of sponsored links from the ACCC are deemed misleading by the high court and full court, -Google controls search terms entered by users of its search engine, or material available on the web}
DEBUG: Current premises: {-It is established that Google conduct leads to the ordinary or reasonable members of that class are misled or deceived}
INFO:               Calling acceptable(-It is established that Google conduct leads to the ordinary or reasonable members of that class are misled or deceived)
DEBUG: Checking whether proposition '-It is established that Google conduct leads to the ordinary or reasonable members of that class are misled or deceived'meets proof standard 'scintilla'.
INFO:                 Calling meets_proof_standard(-It is established that Google conduct leads to the ordinary or reasonable members of that class are misled or deceived, scintilla)
INFO:                   Calling applicable([An internet user who wishes to access a webpage is likely to use an internet search engine, such as Google, It is not possible for Internet users to use a search engine without any meaningful way without knowing something about how it operates, User of Google will be able to tell apart organic results and sponsored links], ~[] => -It is established that Google conduct leads to the ordinary or reasonable members of that class are misled or deceived)
DEBUG: Checking applicability of is relevant class of consumers affected?...
DEBUG: Current assumptions: {Sponsored links only appear when the user's search term matches one of the advertisers', Google outputs the sponsored links that are triggered by search terms corresponding to the keywords chosen by advertiser, It is not possible for Internet users to use a search engine without any meaningful way without knowing something about how it operates, organic results and sponsored links are displayed at different location and labelled, -By publishing sponsored links that are misleading, Google represents the advertisers, Organic search results are links to webpages ranked in order of relevance to the search terms entered by the user, An internet user who wishes to access a webpage is likely to use an internet search engine, such as Google, -Google controls advertiser's choice of keywords, the 4 evidence of sponsored links from the ACCC are deemed misleading by the high court and full court, -Google controls search terms entered by users of its search engine, or material available on the web}
DEBUG: Current premises: {An internet user who wishes to access a webpage is likely to use an internet search engine, such as Google, User of Google will be able to tell apart organic results and sponsored links, It is not possible for Internet users to use a search engine without any meaningful way without knowing something about how it operates}
INFO:                     Calling acceptable(User of Google will be able to tell apart organic results and sponsored links)
DEBUG: Checking whether proposition 'User of Google will be able to tell apart organic results and sponsored links'meets proof standard 'scintilla'.
INFO:                       Calling meets_proof_standard(User of Google will be able to tell apart organic results and sponsored links, scintilla)
INFO:                         Calling applicable([Organic search results are links to webpages ranked in order of relevance to the search terms entered by the user, Sponsored links only appear when the user's search term matches one of the advertisers', organic results and sponsored links are displayed at different location and labelled], ~[] => User of Google will be able to tell apart organic results and sponsored links)
DEBUG: Checking applicability of is Google response to users request distinguishable?...
DEBUG: Current assumptions: {Sponsored links only appear when the user's search term matches one of the advertisers', Google outputs the sponsored links that are triggered by search terms corresponding to the keywords chosen by advertiser, It is not possible for Internet users to use a search engine without any meaningful way without knowing something about how it operates, organic results and sponsored links are displayed at different location and labelled, -By publishing sponsored links that are misleading, Google represents the advertisers, Organic search results are links to webpages ranked in order of relevance to the search terms entered by the user, An internet user who wishes to access a webpage is likely to use an internet search engine, such as Google, -Google controls advertiser's choice of keywords, the 4 evidence of sponsored links from the ACCC are deemed misleading by the high court and full court, -Google controls search terms entered by users of its search engine, or material available on the web}
DEBUG: Current premises: {Sponsored links only appear when the user's search term matches one of the advertisers', organic results and sponsored links are displayed at different location and labelled, Organic search results are links to webpages ranked in order of relevance to the search terms entered by the user}
INFO:                         applicable([Organic search results are links to webpages ranked in order of relevance to the search terms entered by the user, Sponsored links only appear when the user's search term matches one of the advertisers', organic results and sponsored links are displayed at different location and labelled], ~[] => User of Google will be able to tell apart organic results and sponsored links)-->True
INFO:                       meets_proof_standard(User of Google will be able to tell apart organic results and sponsored links, scintilla)-->True
INFO:                     acceptable(User of Google will be able to tell apart organic results and sponsored links)-->True
INFO:                   applicable([An internet user who wishes to access a webpage is likely to use an internet search engine, such as Google, It is not possible for Internet users to use a search engine without any meaningful way without knowing something about how it operates, User of Google will be able to tell apart organic results and sponsored links], ~[] => -It is established that Google conduct leads to the ordinary or reasonable members of that class are misled or deceived)-->True
INFO:                 meets_proof_standard(-It is established that Google conduct leads to the ordinary or reasonable members of that class are misled or deceived, scintilla)-->True
INFO:               acceptable(-It is established that Google conduct leads to the ordinary or reasonable members of that class are misled or deceived)-->True
DEBUG: Current exception: {It is established that Google conduct leads to the ordinary or reasonable members of that class are misled or deceived}
INFO:               Calling acceptable(It is established that Google conduct leads to the ordinary or reasonable members of that class are misled or deceived)
DEBUG: Checking whether proposition 'It is established that Google conduct leads to the ordinary or reasonable members of that class are misled or deceived'meets proof standard 'clear_and_convincing'.
INFO:                 Calling meets_proof_standard(It is established that Google conduct leads to the ordinary or reasonable members of that class are misled or deceived, clear_and_convincing)
DEBUG: No applicable arguments in []
INFO:                   Calling applicable([An internet user who wishes to access a webpage is likely to use an internet search engine, such as Google, It is not possible for Internet users to use a search engine without any meaningful way without knowing something about how it operates, User of Google will be able to tell apart organic results and sponsored links], ~[] => -It is established that Google conduct leads to the ordinary or reasonable members of that class are misled or deceived)
DEBUG: Checking applicability of is relevant class of consumers affected?...
DEBUG: Current assumptions: {Sponsored links only appear when the user's search term matches one of the advertisers', Google outputs the sponsored links that are triggered by search terms corresponding to the keywords chosen by advertiser, It is not possible for Internet users to use a search engine without any meaningful way without knowing something about how it operates, organic results and sponsored links are displayed at different location and labelled, -By publishing sponsored links that are misleading, Google represents the advertisers, Organic search results are links to webpages ranked in order of relevance to the search terms entered by the user, An internet user who wishes to access a webpage is likely to use an internet search engine, such as Google, -Google controls advertiser's choice of keywords, the 4 evidence of sponsored links from the ACCC are deemed misleading by the high court and full court, -Google controls search terms entered by users of its search engine, or material available on the web}
DEBUG: Current premises: {An internet user who wishes to access a webpage is likely to use an internet search engine, such as Google, User of Google will be able to tell apart organic results and sponsored links, It is not possible for Internet users to use a search engine without any meaningful way without knowing something about how it operates}
INFO:                     Calling acceptable(User of Google will be able to tell apart organic results and sponsored links)
DEBUG: Checking whether proposition 'User of Google will be able to tell apart organic results and sponsored links'meets proof standard 'scintilla'.
INFO:                       Calling meets_proof_standard(User of Google will be able to tell apart organic results and sponsored links, scintilla)
INFO:                         Calling applicable([Organic search results are links to webpages ranked in order of relevance to the search terms entered by the user, Sponsored links only appear when the user's search term matches one of the advertisers', organic results and sponsored links are displayed at different location and labelled], ~[] => User of Google will be able to tell apart organic results and sponsored links)
DEBUG: Checking applicability of is Google response to users request distinguishable?...
DEBUG: Current assumptions: {Sponsored links only appear when the user's search term matches one of the advertisers', Google outputs the sponsored links that are triggered by search terms corresponding to the keywords chosen by advertiser, It is not possible for Internet users to use a search engine without any meaningful way without knowing something about how it operates, organic results and sponsored links are displayed at different location and labelled, -By publishing sponsored links that are misleading, Google represents the advertisers, Organic search results are links to webpages ranked in order of relevance to the search terms entered by the user, An internet user who wishes to access a webpage is likely to use an internet search engine, such as Google, -Google controls advertiser's choice of keywords, the 4 evidence of sponsored links from the ACCC are deemed misleading by the high court and full court, -Google controls search terms entered by users of its search engine, or material available on the web}
DEBUG: Current premises: {Sponsored links only appear when the user's search term matches one of the advertisers', organic results and sponsored links are displayed at different location and labelled, Organic search results are links to webpages ranked in order of relevance to the search terms entered by the user}
INFO:                         applicable([Organic search results are links to webpages ranked in order of relevance to the search terms entered by the user, Sponsored links only appear when the user's search term matches one of the advertisers', organic results and sponsored links are displayed at different location and labelled], ~[] => User of Google will be able to tell apart organic results and sponsored links)-->True
INFO:                       meets_proof_standard(User of Google will be able to tell apart organic results and sponsored links, scintilla)-->True
INFO:                     acceptable(User of Google will be able to tell apart organic results and sponsored links)-->True
INFO:                   applicable([An internet user who wishes to access a webpage is likely to use an internet search engine, such as Google, It is not possible for Internet users to use a search engine without any meaningful way without knowing something about how it operates, User of Google will be able to tell apart organic results and sponsored links], ~[] => -It is established that Google conduct leads to the ordinary or reasonable members of that class are misled or deceived)-->True
DEBUG: Checking applicability and weights of ['is relevant class of consumers affected?']
DEBUG: Weights of ['is relevant class of consumers affected?'] are [0.8]
DEBUG: max weight pro 'It is established that Google conduct leads to the ordinary or reasonable members of that class are misled or deceived' is 0.0
DEBUG: max weight con 'It is established that Google conduct leads to the ordinary or reasonable members of that class are misled or deceived' is 0.8
DEBUG: max weight pro '0.0' >  alpha '0.5': False
DEBUG: diff between pro and con = -0.8 > gamma: False
INFO:                 meets_proof_standard(It is established that Google conduct leads to the ordinary or reasonable members of that class are misled or deceived, clear_and_convincing)-->False
INFO:               acceptable(It is established that Google conduct leads to the ordinary or reasonable members of that class are misled or deceived)-->False
INFO:             applicable([-It is established that Google conduct leads to the ordinary or reasonable members of that class are misled or deceived], ~[It is established that Google conduct leads to the ordinary or reasonable members of that class are misled or deceived] => -Google contravene Section 52(1) of Trade Practice Act)-->True
DEBUG: Checking applicability and weights of ['proof for s52? 2']
DEBUG: Weights of ['proof for s52? 2'] are [0.8]
DEBUG: max weight pro 'Google contravene Section 52(1) of Trade Practice Act' is 0.0
DEBUG: max weight con 'Google contravene Section 52(1) of Trade Practice Act' is 0.8
DEBUG: max weight pro '0.0' >  alpha '0.5': False
DEBUG: diff between pro and con = -0.8 > gamma: False
INFO:           meets_proof_standard(Google contravene Section 52(1) of Trade Practice Act, clear_and_convincing)-->False
INFO:         meets_proof_standard(Google contravene Section 52(1) of Trade Practice Act, beyond_reasonable_doubt)-->False
INFO:       acceptable(Google contravene Section 52(1) of Trade Practice Act)-->False
INFO:     applicable([-Google contravene Section 52(1) of Trade Practice Act], ~[Google contravene Section 52(1) of Trade Practice Act] => -Google has engaged in misleading and deceptive conduct by publishing or displaying the sponsored links)-->True
INFO:   meets_proof_standard(-Google has engaged in misleading and deceptive conduct by publishing or displaying the sponsored links, scintilla)-->True
INFO: acceptable(-Google has engaged in misleading and deceptive conduct by publishing or displaying the sponsored links)-->True
INFO: ------ -Google has engaged in misleading and deceptive conduct by publishing or displaying the sponsored links IS acceptable ------
INFO: 

Evaluating acceptability of : Google has engaged in misleading and deceptive conduct by publishing or displaying the sponsored links
INFO: Calling acceptable(Google has engaged in misleading and deceptive conduct by publishing or displaying the sponsored links)
DEBUG: Checking whether proposition 'Google has engaged in misleading and deceptive conduct by publishing or displaying the sponsored links'meets proof standard 'scintilla'.
INFO:   Calling meets_proof_standard(Google has engaged in misleading and deceptive conduct by publishing or displaying the sponsored links, scintilla)
INFO:   meets_proof_standard(Google has engaged in misleading and deceptive conduct by publishing or displaying the sponsored links, scintilla)-->False
INFO: acceptable(Google has engaged in misleading and deceptive conduct by publishing or displaying the sponsored links)-->False
INFO: ------ Google has engaged in misleading and deceptive conduct by publishing or displaying the sponsored links IS NOT acceptable ------
